

*******************************************************************************
Wed Mar 30 19:38:03 2022


FIT:    data read from "SecuencialMejorTeorico.dat" using 1:2
        format = x:z
        #datapoints = 10
        residuals are weighted equally (unit weight)

function used for fitting: C(x)
	C(x) = a
fitted parameters initialized with current variable values

iter      chisq       delta/lim  lambda   a            
   0 4.9000000000e+02   0.00e+00  1.00e+00    1.000000e+00
   5 0.0000000000e+00  -inf       1.00e-05    8.000000e+00

After 5 iterations the fit converged.
final sum of squares of residuals : 0
abs. change during last iteration : -7.88861e-30


Hmmmm.... Sum of squared residuals is zero. Can't compute errors.

Final set of parameters 
======================= 

a               = 8              


*******************************************************************************
Wed Mar 30 19:45:58 2022


FIT:    data read from "SecuencialMedioTeorico.dat" using 1:2
        format = x:z
        #datapoints = 10
        residuals are weighted equally (unit weight)

function used for fitting: N(x)
	N(x) = a*x + b
fitted parameters initialized with current variable values

iter      chisq       delta/lim  lambda   a             b            
   0 1.5554490000e+07   0.00e+00  4.39e+02    1.000000e+00   1.000000e+00
   8 0.0000000000e+00  -inf       4.39e-06    3.000000e+00   8.000000e+00

After 8 iterations the fit converged.
final sum of squares of residuals : 0
abs. change during last iteration : -9.85508e-25


Hmmmm.... Sum of squared residuals is zero. Can't compute errors.

Final set of parameters 
======================= 

a               = 3              
b               = 8              


*******************************************************************************
Wed Mar 30 19:46:12 2022


FIT:    data read from "SecuencialMejorTeorico.dat" using 1:2
        format = x:z
        #datapoints = 10
        residuals are weighted equally (unit weight)

function used for fitting: C(x)
	C(x) = a
fitted parameters initialized with current variable values

iter      chisq       delta/lim  lambda   a            
   0 4.9000000000e+02   0.00e+00  1.00e+00    1.000000e+00
   5 0.0000000000e+00  -inf       1.00e-05    8.000000e+00

After 5 iterations the fit converged.
final sum of squares of residuals : 0
abs. change during last iteration : -7.88861e-30


Hmmmm.... Sum of squared residuals is zero. Can't compute errors.

Final set of parameters 
======================= 

a               = 8              


*******************************************************************************
Wed Mar 30 19:47:50 2022


FIT:    data read from "SecuencialMejorTeorico.dat" using 1:2
        format = x:z
        #datapoints = 10
        residuals are weighted equally (unit weight)

function used for fitting: C(x)
	C(x) = a
fitted parameters initialized with current variable values

iter      chisq       delta/lim  lambda   a            
   0 4.9000000000e+02   0.00e+00  1.00e+00    1.000000e+00
   5 0.0000000000e+00  -inf       1.00e-05    8.000000e+00

After 5 iterations the fit converged.
final sum of squares of residuals : 0
abs. change during last iteration : -7.88861e-30


Hmmmm.... Sum of squared residuals is zero. Can't compute errors.

Final set of parameters 
======================= 

a               = 8              


*******************************************************************************
Wed Mar 30 19:52:54 2022


FIT:    data read from "SecuencialPeorTeorico.dat" using 1:2
        format = x:z
        #datapoints = 10
        residuals are weighted equally (unit weight)

function used for fitting: N(x)
	N(x) = a*x + b
fitted parameters initialized with current variable values

iter      chisq       delta/lim  lambda   a             b            
   0 9.6635490000e+07   0.00e+00  4.39e+02    1.000000e+00   1.000000e+00
   7 0.0000000000e+00  -inf       4.39e-05    6.000000e+00   8.000000e+00

After 7 iterations the fit converged.
final sum of squares of residuals : 0
abs. change during last iteration : -3.73932e-17


Hmmmm.... Sum of squared residuals is zero. Can't compute errors.

Final set of parameters 
======================= 

a               = 6              
b               = 8              


*******************************************************************************
Wed Mar 30 20:18:43 2022


FIT:    data read from "SecuencialMedioTeorico.dat" using 1:2
        format = x:z
        #datapoints = 10
        residuals are weighted equally (unit weight)

function used for fitting: N(x)
	N(x) = a*x + b
fitted parameters initialized with current variable values

iter      chisq       delta/lim  lambda   a             b            
   0 1.5554490000e+07   0.00e+00  4.39e+02    1.000000e+00   1.000000e+00
   8 0.0000000000e+00  -inf       4.39e-06    3.000000e+00   8.000000e+00

After 8 iterations the fit converged.
final sum of squares of residuals : 0
abs. change during last iteration : -9.85508e-25


Hmmmm.... Sum of squared residuals is zero. Can't compute errors.

Final set of parameters 
======================= 

a               = 3              
b               = 8              


*******************************************************************************
Wed Mar 30 20:19:01 2022


FIT:    data read from "SecuencialPeorTeorico.dat" using 1:2
        format = x:z
        #datapoints = 10
        residuals are weighted equally (unit weight)

function used for fitting: N(x)
	N(x) = a*x + b
fitted parameters initialized with current variable values

iter      chisq       delta/lim  lambda   a             b            
   0 9.6635490000e+07   0.00e+00  4.39e+02    1.000000e+00   1.000000e+00
   7 0.0000000000e+00  -inf       4.39e-05    6.000000e+00   8.000000e+00

After 7 iterations the fit converged.
final sum of squares of residuals : 0
abs. change during last iteration : -3.73932e-17


Hmmmm.... Sum of squared residuals is zero. Can't compute errors.

Final set of parameters 
======================= 

a               = 6              
b               = 8              


*******************************************************************************
Wed Mar 30 20:21:34 2022


FIT:    data read from "SecuencialPeorTeorico.dat" using 1:2
        format = x:z
        #datapoints = 10
        residuals are weighted equally (unit weight)

function used for fitting: N(x)
	N(x) = a*x + b
fitted parameters initialized with current variable values

iter      chisq       delta/lim  lambda   a             b            
   0 9.6635490000e+07   0.00e+00  4.39e+02    1.000000e+00   1.000000e+00
   7 0.0000000000e+00  -inf       4.39e-05    6.000000e+00   8.000000e+00

After 7 iterations the fit converged.
final sum of squares of residuals : 0
abs. change during last iteration : -3.73932e-17


Hmmmm.... Sum of squared residuals is zero. Can't compute errors.

Final set of parameters 
======================= 

a               = 6              
b               = 8              


*******************************************************************************
Wed Mar 30 20:22:21 2022


FIT:    data read from "SecuencialMedioTeorico.dat" using 1:2
        format = x:z
        #datapoints = 10
        residuals are weighted equally (unit weight)

function used for fitting: N(x)
	N(x) = a*x + b
fitted parameters initialized with current variable values

iter      chisq       delta/lim  lambda   a             b            
   0 1.5554490000e+07   0.00e+00  4.39e+02    1.000000e+00   1.000000e+00
   8 0.0000000000e+00  -inf       4.39e-06    3.000000e+00   8.000000e+00

After 8 iterations the fit converged.
final sum of squares of residuals : 0
abs. change during last iteration : -9.85508e-25


Hmmmm.... Sum of squared residuals is zero. Can't compute errors.

Final set of parameters 
======================= 

a               = 3              
b               = 8              
